2025-11-28 18:24:09,660 - __main__ - INFO - ============================================================
2025-11-28 18:24:09,660 - __main__ - INFO - 股票筛选系统初始化
2025-11-28 18:24:09,660 - __main__ - INFO - ============================================================
2025-11-28 18:24:09,660 - __main__ - INFO - 已启用 3 个策略
2025-11-28 18:24:09,660 - __main__ - INFO - 开始初始化数据...
2025-11-28 18:24:09,660 - src.data_fetcher - INFO - 获取股票列表: sp500
2025-11-28 18:24:09,965 - root - ERROR - 获取S&P 500列表失败: HTTP Error 403: Forbidden
2025-11-28 18:24:09,968 - __main__ - INFO - 股票池: sp500, 共 10 只股票
2025-11-28 18:24:09,969 - src.data_fetcher - INFO - 开始获取多周期数据（日K、周K、月K）
2025-11-28 18:24:09,969 - src.data_fetcher - INFO - 正在获取 daily 数据...
2025-11-28 18:24:09,969 - src.data_fetcher - INFO - 开始获取 10 只股票的 daily 数据
2025-11-28 18:24:09,973 - yfinance - INFO - Failed to create TzCache, reason: Error creating TzCache folder: '/Users/lizhe/Library/Caches/py-yfinance' reason: [Errno 17] File exists: '/Users/lizhe/Library/Caches/py-yfinance'. TzCache will not be used. Tip: You can direct cache to use a different location with 'set_tz_cache_location(mylocation)'
2025-11-28 18:24:09,973 - yfinance - INFO - Failed to create TzCache, reason: Error creating TzCache folder: '/Users/lizhe/Library/Caches/py-yfinance' reason: [Errno 17] File exists: '/Users/lizhe/Library/Caches/py-yfinance'. TzCache will not be used. Tip: You can direct cache to use a different location with 'set_tz_cache_location(mylocation)'
2025-11-28 18:24:09,976 - src.data_fetcher - ERROR - 获取 AMZN 数据失败: database is locked
2025-11-28 18:24:13,684 - src.data_fetcher - INFO - 数据获取完成: 成功 9, 失败 1
2025-11-28 18:24:13,684 - src.data_fetcher - WARNING - 失败的股票: AMZN
2025-11-28 18:24:14,689 - src.data_fetcher - INFO - 正在获取 weekly 数据...
2025-11-28 18:24:14,690 - src.data_fetcher - INFO - 开始获取 10 只股票的 weekly 数据
2025-11-28 18:24:15,839 - src.data_fetcher - INFO - 数据获取完成: 成功 10, 失败 0
2025-11-28 18:24:16,841 - src.data_fetcher - INFO - 正在获取 monthly 数据...
2025-11-28 18:24:16,841 - src.data_fetcher - INFO - 开始获取 10 只股票的 monthly 数据
2025-11-28 18:24:17,991 - src.data_fetcher - INFO - 数据获取完成: 成功 10, 失败 0
2025-11-28 18:24:18,996 - src.data_fetcher - INFO - 所有周期数据获取完成
2025-11-28 18:24:18,997 - __main__ - INFO - 保存 daily 数据...
2025-11-28 18:24:18,997 - src.data_storage - INFO - 开始保存 9 只股票的 daily 数据
2025-11-28 18:24:19,026 - src.data_storage - INFO - 成功保存 9 只股票的数据
2025-11-28 18:24:19,026 - __main__ - INFO - 保存 weekly 数据...
2025-11-28 18:24:19,026 - src.data_storage - INFO - 开始保存 10 只股票的 weekly 数据
2025-11-28 18:24:19,032 - src.data_storage - INFO - 成功保存 10 只股票的数据
2025-11-28 18:24:19,032 - __main__ - INFO - 保存 monthly 数据...
2025-11-28 18:24:19,032 - src.data_storage - INFO - 开始保存 10 只股票的 monthly 数据
2025-11-28 18:24:19,036 - src.data_storage - INFO - 成功保存 10 只股票的数据
2025-11-28 18:24:19,036 - __main__ - INFO - 数据初始化完成！
2025-11-28 18:24:19,036 - __main__ - INFO - 存储统计: {'daily': 9, 'weekly': 10, 'monthly': 10}
2025-11-29 12:10:22,746 - __main__ - INFO - ============================================================
2025-11-29 12:10:22,746 - __main__ - INFO - 股票筛选系统初始化
2025-11-29 12:10:22,747 - __main__ - INFO - ============================================================
2025-11-29 12:10:22,747 - __main__ - INFO - 已启用 3 个策略
2025-11-29 12:10:22,747 - __main__ - INFO - 开始更新数据...
2025-11-29 12:10:22,747 - src.data_fetcher - INFO - 获取股票列表: sp500
2025-11-29 12:10:23,309 - root - ERROR - 获取S&P 500列表失败: HTTP Error 403: Forbidden
2025-11-29 12:10:23,312 - __main__ - INFO - 更新 daily 数据...
2025-11-29 12:10:23,313 - src.data_fetcher - INFO - 开始获取 10 只股票的 daily 数据
2025-11-29 12:10:26,629 - src.data_fetcher - ERROR - 获取 AMZN 数据失败: Too Many Requests. Rate limited. Try after a while.
2025-11-29 12:10:26,631 - src.data_fetcher - ERROR - 获取 JPM 数据失败: Too Many Requests. Rate limited. Try after a while.
2025-11-29 12:10:26,774 - src.data_fetcher - ERROR - 获取 GOOGL 数据失败: Too Many Requests. Rate limited. Try after a while.
2025-11-29 12:10:27,018 - src.data_fetcher - ERROR - 获取 NVDA 数据失败: Too Many Requests. Rate limited. Try after a while.
2025-11-29 12:10:27,809 - src.data_fetcher - ERROR - 获取 MSFT 数据失败: Too Many Requests. Rate limited. Try after a while.
2025-11-29 12:10:27,860 - src.data_fetcher - ERROR - 获取 WMT 数据失败: Too Many Requests. Rate limited. Try after a while.
2025-11-29 12:10:28,147 - src.data_fetcher - ERROR - 获取 V 数据失败: Too Many Requests. Rate limited. Try after a while.
2025-11-29 12:10:28,171 - src.data_fetcher - ERROR - 获取 TSLA 数据失败: Too Many Requests. Rate limited. Try after a while.
2025-11-29 12:10:28,179 - src.data_fetcher - ERROR - 获取 META 数据失败: Too Many Requests. Rate limited. Try after a while.
2025-11-29 12:10:28,835 - src.data_fetcher - ERROR - 获取 AAPL 数据失败: Too Many Requests. Rate limited. Try after a while.
2025-11-29 12:10:28,899 - src.data_fetcher - INFO - 数据获取完成: 成功 0, 失败 10
2025-11-29 12:10:28,899 - src.data_fetcher - WARNING - 失败的股票: AMZN, JPM, GOOGL, NVDA, MSFT, WMT, V, TSLA, META, AAPL
2025-11-29 12:10:28,899 - src.data_storage - INFO - 开始保存 0 只股票的 daily 数据
2025-11-29 12:10:28,899 - src.data_storage - INFO - 成功保存 0 只股票的数据
2025-11-29 12:10:28,899 - __main__ - INFO - 更新 weekly 数据...
2025-11-29 12:10:28,899 - src.data_fetcher - INFO - 开始获取 10 只股票的 weekly 数据
2025-11-29 12:10:31,749 - src.data_fetcher - ERROR - 获取 AMZN 数据失败: Too Many Requests. Rate limited. Try after a while.
2025-11-29 12:10:31,752 - src.data_fetcher - ERROR - 获取 META 数据失败: Too Many Requests. Rate limited. Try after a while.
2025-11-29 12:10:31,758 - src.data_fetcher - ERROR - 获取 TSLA 数据失败: Too Many Requests. Rate limited. Try after a while.
2025-11-29 12:10:31,762 - src.data_fetcher - ERROR - 获取 GOOGL 数据失败: Too Many Requests. Rate limited. Try after a while.
2025-11-29 12:10:31,773 - src.data_fetcher - ERROR - 获取 AAPL 数据失败: Too Many Requests. Rate limited. Try after a while.
2025-11-29 12:10:31,775 - src.data_fetcher - ERROR - 获取 MSFT 数据失败: Too Many Requests. Rate limited. Try after a while.
2025-11-29 12:10:31,971 - src.data_fetcher - ERROR - 获取 WMT 数据失败: Too Many Requests. Rate limited. Try after a while.
2025-11-29 12:10:32,038 - src.data_fetcher - ERROR - 获取 JPM 数据失败: Too Many Requests. Rate limited. Try after a while.
2025-11-29 12:10:32,238 - src.data_fetcher - ERROR - 获取 NVDA 数据失败: Too Many Requests. Rate limited. Try after a while.
2025-11-29 12:10:32,683 - src.data_fetcher - ERROR - 获取 V 数据失败: Too Many Requests. Rate limited. Try after a while.
2025-11-29 12:10:32,747 - src.data_fetcher - INFO - 数据获取完成: 成功 0, 失败 10
2025-11-29 12:10:32,747 - src.data_fetcher - WARNING - 失败的股票: AMZN, META, TSLA, GOOGL, AAPL, MSFT, WMT, JPM, NVDA, V
2025-11-29 12:10:32,747 - src.data_storage - INFO - 开始保存 0 只股票的 weekly 数据
2025-11-29 12:10:32,747 - src.data_storage - INFO - 成功保存 0 只股票的数据
2025-11-29 12:10:32,747 - __main__ - INFO - 更新 monthly 数据...
2025-11-29 12:10:32,747 - src.data_fetcher - INFO - 开始获取 10 只股票的 monthly 数据
2025-11-29 12:10:34,567 - src.data_fetcher - ERROR - 获取 AAPL 数据失败: Too Many Requests. Rate limited. Try after a while.
2025-11-29 12:10:34,568 - src.data_fetcher - ERROR - 获取 TSLA 数据失败: Too Many Requests. Rate limited. Try after a while.
2025-11-29 12:10:34,569 - src.data_fetcher - ERROR - 获取 NVDA 数据失败: Too Many Requests. Rate limited. Try after a while.
2025-11-29 12:10:34,571 - src.data_fetcher - ERROR - 获取 V 数据失败: Too Many Requests. Rate limited. Try after a while.
2025-11-29 12:10:34,585 - src.data_fetcher - ERROR - 获取 GOOGL 数据失败: Too Many Requests. Rate limited. Try after a while.
2025-11-29 12:10:34,900 - src.data_fetcher - ERROR - 获取 META 数据失败: Too Many Requests. Rate limited. Try after a while.
2025-11-29 12:10:35,056 - src.data_fetcher - ERROR - 获取 MSFT 数据失败: Too Many Requests. Rate limited. Try after a while.
2025-11-29 12:10:35,498 - src.data_fetcher - ERROR - 获取 JPM 数据失败: Too Many Requests. Rate limited. Try after a while.
2025-11-29 12:10:35,534 - src.data_fetcher - ERROR - 获取 AMZN 数据失败: Too Many Requests. Rate limited. Try after a while.
2025-11-29 12:10:37,989 - src.data_fetcher - ERROR - 获取 WMT 数据失败: Too Many Requests. Rate limited. Try after a while.
2025-11-29 12:10:38,054 - src.data_fetcher - INFO - 数据获取完成: 成功 0, 失败 10
2025-11-29 12:10:38,054 - src.data_fetcher - WARNING - 失败的股票: AAPL, TSLA, NVDA, V, GOOGL, META, MSFT, JPM, AMZN, WMT
2025-11-29 12:10:38,055 - src.data_storage - INFO - 开始保存 0 只股票的 monthly 数据
2025-11-29 12:10:38,055 - src.data_storage - INFO - 成功保存 0 只股票的数据
2025-11-29 12:10:38,055 - __main__ - INFO - 数据更新完成！
2025-11-29 12:12:13,305 - __main__ - INFO - ============================================================
2025-11-29 12:12:13,305 - __main__ - INFO - 股票筛选系统初始化
2025-11-29 12:12:13,305 - __main__ - INFO - ============================================================
2025-11-29 12:12:13,306 - __main__ - INFO - 已启用 3 个策略
2025-11-29 12:12:13,306 - __main__ - INFO - 开始更新数据...
2025-11-29 12:12:13,306 - src.data_fetcher - INFO - 获取股票列表: nasdaq100
2025-11-29 12:12:14,039 - root - INFO - 成功获取 102 只NASDAQ 100股票
2025-11-29 12:12:14,040 - __main__ - INFO - 更新 daily 数据...
2025-11-29 12:12:14,040 - src.data_fetcher - INFO - 开始获取 102 只股票的 daily 数据
2025-11-29 12:12:17,365 - src.data_fetcher - ERROR - 获取 ADBE 数据失败: Too Many Requests. Rate limited. Try after a while.
2025-11-29 12:12:17,368 - src.data_fetcher - ERROR - 获取 ABNB 数据失败: Too Many Requests. Rate limited. Try after a while.
2025-11-29 12:12:19,088 - src.data_fetcher - ERROR - 获取 GOOG 数据失败: Too Many Requests. Rate limited. Try after a while.
2025-11-29 12:12:19,440 - src.data_fetcher - ERROR - 获取 AMD 数据失败: Too Many Requests. Rate limited. Try after a while.
2025-11-29 12:12:20,121 - src.data_fetcher - ERROR - 获取 AEP 数据失败: Too Many Requests. Rate limited. Try after a while.
2025-11-29 12:12:20,126 - src.data_fetcher - ERROR - 获取 AMZN 数据失败: Too Many Requests. Rate limited. Try after a while.
2025-11-29 12:12:20,250 - src.data_fetcher - ERROR - 获取 GOOGL 数据失败: Too Many Requests. Rate limited. Try after a while.
2025-11-29 12:12:21,146 - src.data_fetcher - ERROR - 获取 AMGN 数据失败: Too Many Requests. Rate limited. Try after a while.
2025-11-29 12:12:21,146 - src.data_fetcher - ERROR - 获取 ADI 数据失败: Too Many Requests. Rate limited. Try after a while.
2025-11-29 12:12:21,841 - src.data_fetcher - ERROR - 获取 AAPL 数据失败: Too Many Requests. Rate limited. Try after a while.
2025-11-29 12:12:22,188 - src.data_fetcher - ERROR - 获取 AMAT 数据失败: Too Many Requests. Rate limited. Try after a while.
2025-11-29 12:12:22,866 - src.data_fetcher - ERROR - 获取 APP 数据失败: Too Many Requests. Rate limited. Try after a while.
2025-11-29 12:12:23,220 - src.data_fetcher - ERROR - 获取 ARM 数据失败: Too Many Requests. Rate limited. Try after a while.
2025-11-29 12:12:23,903 - src.data_fetcher - ERROR - 获取 AZN 数据失败: Too Many Requests. Rate limited. Try after a while.
2025-11-29 12:12:23,907 - src.data_fetcher - ERROR - 获取 ASML 数据失败: Too Many Requests. Rate limited. Try after a while.
2025-11-29 12:12:24,591 - src.data_fetcher - ERROR - 获取 ADSK 数据失败: Too Many Requests. Rate limited. Try after a while.
2025-11-29 12:12:24,597 - src.data_fetcher - ERROR - 获取 TEAM 数据失败: Too Many Requests. Rate limited. Try after a while.
2025-11-29 12:12:25,178 - src.data_fetcher - ERROR - 获取 ADP 数据失败: Too Many Requests. Rate limited. Try after a while.
2025-11-29 12:12:26,054 - src.data_fetcher - ERROR - 获取 AXON 数据失败: Too Many Requests. Rate limited. Try after a while.
2025-11-29 12:12:26,061 - src.data_fetcher - ERROR - 获取 BKR 数据失败: Too Many Requests. Rate limited. Try after a while.
2025-11-29 12:12:26,750 - src.data_fetcher - ERROR - 获取 BKNG 数据失败: Too Many Requests. Rate limited. Try after a while.
2025-11-29 12:12:26,750 - src.data_fetcher - ERROR - 获取 BIIB 数据失败: Too Many Requests. Rate limited. Try after a while.
2025-11-29 12:12:28,612 - src.data_fetcher - ERROR - 获取 CDNS 数据失败: Too Many Requests. Rate limited. Try after a while.
2025-11-29 12:12:28,616 - src.data_fetcher - ERROR - 获取 AVGO 数据失败: Too Many Requests. Rate limited. Try after a while.
2025-11-29 12:12:28,948 - src.data_fetcher - ERROR - 获取 CDW 数据失败: Too Many Requests. Rate limited. Try after a while.
2025-11-29 12:12:30,635 - src.data_fetcher - ERROR - 获取 CHTR 数据失败: Too Many Requests. Rate limited. Try after a while.
2025-11-29 12:12:30,646 - src.data_fetcher - ERROR - 获取 CTAS 数据失败: Too Many Requests. Rate limited. Try after a while.
2025-11-29 12:12:31,750 - src.data_fetcher - ERROR - 获取 CSCO 数据失败: Too Many Requests. Rate limited. Try after a while.
2025-11-29 12:12:31,907 - src.data_fetcher - ERROR - 获取 CCEP 数据失败: Too Many Requests. Rate limited. Try after a while.
2025-11-29 12:12:32,456 - src.data_fetcher - ERROR - 获取 CTSH 数据失败: Too Many Requests. Rate limited. Try after a while.
2025-11-29 12:12:33,028 - src.data_fetcher - ERROR - 获取 CMCSA 数据失败: Too Many Requests. Rate limited. Try after a while.
2025-11-29 12:12:33,128 - src.data_fetcher - ERROR - 获取 CEG 数据失败: Too Many Requests. Rate limited. Try after a while.
2025-11-29 12:12:33,822 - src.data_fetcher - ERROR - 获取 CSGP 数据失败: Too Many Requests. Rate limited. Try after a while.
2025-11-29 12:12:33,826 - src.data_fetcher - ERROR - 获取 CPRT 数据失败: Too Many Requests. Rate limited. Try after a while.
2025-11-29 12:12:34,151 - src.data_fetcher - ERROR - 获取 COST 数据失败: Too Many Requests. Rate limited. Try after a while.
2025-11-29 12:12:34,869 - src.data_fetcher - ERROR - 获取 CRWD 数据失败: Too Many Requests. Rate limited. Try after a while.
2025-11-29 12:12:34,869 - src.data_fetcher - ERROR - 获取 CSX 数据失败: Too Many Requests. Rate limited. Try after a while.
2025-11-29 12:12:35,203 - src.data_fetcher - ERROR - 获取 DDOG 数据失败: Too Many Requests. Rate limited. Try after a while.
2025-11-29 12:12:35,891 - src.data_fetcher - ERROR - 获取 DASH 数据失败: Too Many Requests. Rate limited. Try after a while.
2025-11-29 12:12:35,896 - src.data_fetcher - ERROR - 获取 DXCM 数据失败: Too Many Requests. Rate limited. Try after a while.
2025-11-29 12:12:36,455 - src.data_fetcher - ERROR - 获取 FANG 数据失败: Too Many Requests. Rate limited. Try after a while.
2025-11-29 12:12:36,925 - src.data_fetcher - ERROR - 获取 EXC 数据失败: Too Many Requests. Rate limited. Try after a while.
2025-11-29 12:12:38,055 - src.data_fetcher - ERROR - 获取 FAST 数据失败: Too Many Requests. Rate limited. Try after a while.
2025-11-29 12:12:38,417 - src.data_fetcher - ERROR - 获取 EA 数据失败: Too Many Requests. Rate limited. Try after a while.
2025-11-29 12:12:38,738 - src.data_fetcher - ERROR - 获取 FTNT 数据失败: Too Many Requests. Rate limited. Try after a while.
2025-11-29 12:12:39,758 - src.data_fetcher - ERROR - 获取 GILD 数据失败: Too Many Requests. Rate limited. Try after a while.
2025-11-29 12:12:39,761 - src.data_fetcher - ERROR - 获取 GFS 数据失败: Too Many Requests. Rate limited. Try after a while.
2025-11-29 12:12:39,767 - src.data_fetcher - ERROR - 获取 GEHC 数据失败: Too Many Requests. Rate limited. Try after a while.
2025-11-29 12:12:40,785 - src.data_fetcher - ERROR - 获取 HON 数据失败: Too Many Requests. Rate limited. Try after a while.
2025-11-29 12:12:40,791 - src.data_fetcher - ERROR - 获取 IDXX 数据失败: Too Many Requests. Rate limited. Try after a while.
2025-11-29 12:12:41,017 - src.data_fetcher - ERROR - 获取 INTC 数据失败: Too Many Requests. Rate limited. Try after a while.
2025-11-29 12:12:42,144 - src.data_fetcher - ERROR - 获取 ISRG 数据失败: Too Many Requests. Rate limited. Try after a while.
2025-11-29 12:12:42,153 - src.data_fetcher - ERROR - 获取 KDP 数据失败: Too Many Requests. Rate limited. Try after a while.
2025-11-29 12:12:42,705 - src.data_fetcher - ERROR - 获取 INTU 数据失败: Too Many Requests. Rate limited. Try after a while.
2025-11-29 12:12:43,609 - src.data_fetcher - ERROR - 获取 KLAC 数据失败: Too Many Requests. Rate limited. Try after a while.
2025-11-29 12:12:43,614 - src.data_fetcher - ERROR - 获取 KHC 数据失败: Too Many Requests. Rate limited. Try after a while.
2025-11-29 12:12:45,201 - src.data_fetcher - ERROR - 获取 LRCX 数据失败: Too Many Requests. Rate limited. Try after a while.
2025-11-29 12:12:45,747 - src.data_fetcher - ERROR - 获取 LIN 数据失败: Too Many Requests. Rate limited. Try after a while.
2025-11-29 12:12:45,755 - src.data_fetcher - ERROR - 获取 LULU 数据失败: Too Many Requests. Rate limited. Try after a while.
2025-11-29 12:12:47,528 - src.data_fetcher - ERROR - 获取 MAR 数据失败: Too Many Requests. Rate limited. Try after a while.
2025-11-29 12:12:48,559 - src.data_fetcher - ERROR - 获取 META 数据失败: Too Many Requests. Rate limited. Try after a while.
2025-11-29 12:12:48,562 - src.data_fetcher - ERROR - 获取 MRVL 数据失败: Too Many Requests. Rate limited. Try after a while.
2025-11-29 12:12:48,572 - src.data_fetcher - ERROR - 获取 MELI 数据失败: Too Many Requests. Rate limited. Try after a while.
2025-11-29 12:12:49,909 - src.data_fetcher - ERROR - 获取 MU 数据失败: Too Many Requests. Rate limited. Try after a while.
2025-11-29 12:12:49,909 - src.data_fetcher - ERROR - 获取 MCHP 数据失败: Too Many Requests. Rate limited. Try after a while.
2025-11-29 12:12:50,944 - src.data_fetcher - ERROR - 获取 MDLZ 数据失败: Too Many Requests. Rate limited. Try after a while.
2025-11-29 12:12:51,600 - src.data_fetcher - ERROR - 获取 MSFT 数据失败: Too Many Requests. Rate limited. Try after a while.
2025-11-29 12:12:51,717 - src.data_fetcher - ERROR - 获取 MSTR 数据失败: Too Many Requests. Rate limited. Try after a while.
2025-11-29 12:12:52,325 - src.data_fetcher - ERROR - 获取 MNST 数据失败: Too Many Requests. Rate limited. Try after a while.
2025-11-29 12:12:53,459 - src.data_fetcher - ERROR - 获取 NVDA 数据失败: Too Many Requests. Rate limited. Try after a while.
2025-11-29 12:12:53,463 - src.data_fetcher - ERROR - 获取 NFLX 数据失败: Too Many Requests. Rate limited. Try after a while.
2025-11-29 12:12:54,139 - src.data_fetcher - ERROR - 获取 NXPI 数据失败: Too Many Requests. Rate limited. Try after a while.
2025-11-29 12:12:55,197 - src.data_fetcher - ERROR - 获取 ORLY 数据失败: Too Many Requests. Rate limited. Try after a while.
2025-11-29 12:12:55,198 - src.data_fetcher - ERROR - 获取 ODFL 数据失败: Too Many Requests. Rate limited. Try after a while.
2025-11-29 12:12:56,200 - src.data_fetcher - ERROR - 获取 ON 数据失败: Too Many Requests. Rate limited. Try after a while.
2025-11-29 12:12:56,205 - src.data_fetcher - ERROR - 获取 PCAR 数据失败: Too Many Requests. Rate limited. Try after a while.
2025-11-29 12:12:56,238 - src.data_fetcher - ERROR - 获取 PLTR 数据失败: Too Many Requests. Rate limited. Try after a while.
2025-11-29 12:12:57,286 - src.data_fetcher - ERROR - 获取 PANW 数据失败: Too Many Requests. Rate limited. Try after a while.
2025-11-29 12:12:57,289 - src.data_fetcher - ERROR - 获取 PAYX 数据失败: Too Many Requests. Rate limited. Try after a while.
2025-11-29 12:12:57,303 - src.data_fetcher - ERROR - 获取 PYPL 数据失败: Too Many Requests. Rate limited. Try after a while.
2025-11-29 12:12:58,306 - src.data_fetcher - ERROR - 获取 PDD 数据失败: Too Many Requests. Rate limited. Try after a while.
2025-11-29 12:12:58,312 - src.data_fetcher - ERROR - 获取 PEP 数据失败: Too Many Requests. Rate limited. Try after a while.
2025-11-29 12:12:58,353 - src.data_fetcher - ERROR - 获取 QCOM 数据失败: Too Many Requests. Rate limited. Try after a while.
2025-11-29 12:12:59,336 - src.data_fetcher - ERROR - 获取 REGN 数据失败: Too Many Requests. Rate limited. Try after a while.
2025-11-29 12:12:59,339 - src.data_fetcher - ERROR - 获取 ROP 数据失败: Too Many Requests. Rate limited. Try after a while.
2025-11-29 12:12:59,350 - src.data_fetcher - ERROR - 获取 ROST 数据失败: Too Many Requests. Rate limited. Try after a while.
2025-11-29 12:13:00,698 - src.data_fetcher - ERROR - 获取 SHOP 数据失败: Too Many Requests. Rate limited. Try after a while.
2025-11-29 12:13:00,706 - src.data_fetcher - ERROR - 获取 SBUX 数据失败: Too Many Requests. Rate limited. Try after a while.
2025-11-29 12:13:01,310 - src.data_fetcher - ERROR - 获取 SOLS 数据失败: Too Many Requests. Rate limited. Try after a while.
2025-11-29 12:13:01,740 - src.data_fetcher - ERROR - 获取 SNPS 数据失败: Too Many Requests. Rate limited. Try after a while.
2025-11-29 12:13:01,742 - src.data_fetcher - ERROR - 获取 TMUS 数据失败: Too Many Requests. Rate limited. Try after a while.
2025-11-29 12:13:03,301 - src.data_fetcher - ERROR - 获取 TTWO 数据失败: Too Many Requests. Rate limited. Try after a while.
2025-11-29 12:13:03,435 - src.data_fetcher - ERROR - 获取 TSLA 数据失败: Too Many Requests. Rate limited. Try after a while.
2025-11-29 12:13:03,672 - src.data_fetcher - ERROR - 获取 TXN 数据失败: Too Many Requests. Rate limited. Try after a while.
2025-11-29 12:13:04,663 - src.data_fetcher - ERROR - 获取 TTD 数据失败: Too Many Requests. Rate limited. Try after a while.
2025-11-29 12:13:04,668 - src.data_fetcher - ERROR - 获取 TRI 数据失败: Too Many Requests. Rate limited. Try after a while.
2025-11-29 12:13:05,369 - src.data_fetcher - ERROR - 获取 VRSK 数据失败: Too Many Requests. Rate limited. Try after a while.
2025-11-29 12:13:05,693 - src.data_fetcher - ERROR - 获取 VRTX 数据失败: Too Many Requests. Rate limited. Try after a while.
2025-11-29 12:13:06,500 - src.data_fetcher - ERROR - 获取 WBD 数据失败: Too Many Requests. Rate limited. Try after a while.
2025-11-29 12:13:06,719 - src.data_fetcher - ERROR - 获取 WDAY 数据失败: Too Many Requests. Rate limited. Try after a while.
2025-11-29 12:13:07,283 - src.data_fetcher - ERROR - 获取 XEL 数据失败: Too Many Requests. Rate limited. Try after a while.
2025-11-29 12:13:07,536 - src.data_fetcher - ERROR - 获取 ZS 数据失败: Too Many Requests. Rate limited. Try after a while.
2025-11-29 12:13:39,463 - src.data_fetcher - INFO - 数据获取完成: 成功 0, 失败 102
2025-11-29 12:13:39,463 - src.data_fetcher - WARNING - 失败的股票: ADBE, ABNB, GOOG, AMD, AEP, AMZN, GOOGL, ADI, AMGN, AAPL ... (还有 92 只)
2025-11-29 12:13:39,463 - src.data_storage - INFO - 开始保存 0 只股票的 daily 数据
2025-11-29 12:13:39,464 - src.data_storage - INFO - 成功保存 0 只股票的数据
2025-11-29 12:13:39,464 - __main__ - INFO - 更新 weekly 数据...
2025-11-29 12:13:39,464 - src.data_fetcher - INFO - 开始获取 102 只股票的 weekly 数据
2025-11-29 12:13:41,541 - src.data_fetcher - ERROR - 获取 ABNB 数据失败: Too Many Requests. Rate limited. Try after a while.
2025-11-29 12:13:41,867 - src.data_fetcher - ERROR - 获取 AMD 数据失败: Too Many Requests. Rate limited. Try after a while.
2025-11-29 12:13:41,913 - src.data_fetcher - ERROR - 获取 ADBE 数据失败: Too Many Requests. Rate limited. Try after a while.
2025-11-29 12:13:43,301 - src.data_fetcher - ERROR - 获取 GOOG 数据失败: Too Many Requests. Rate limited. Try after a while.
2025-11-29 12:13:43,305 - src.data_fetcher - ERROR - 获取 GOOGL 数据失败: Too Many Requests. Rate limited. Try after a while.
2025-11-29 12:13:43,996 - src.data_fetcher - ERROR - 获取 AEP 数据失败: Too Many Requests. Rate limited. Try after a while.
2025-11-29 12:13:44,000 - src.data_fetcher - ERROR - 获取 AMGN 数据失败: Too Many Requests. Rate limited. Try after a while.
2025-11-29 12:13:44,022 - src.data_fetcher - ERROR - 获取 AMZN 数据失败: Too Many Requests. Rate limited. Try after a while.
2025-11-29 12:13:45,743 - src.data_fetcher - ERROR - 获取 AAPL 数据失败: Too Many Requests. Rate limited. Try after a while.
2025-11-29 12:13:45,743 - src.data_fetcher - ERROR - 获取 ADI 数据失败: Too Many Requests. Rate limited. Try after a while.
2025-11-29 12:13:45,751 - src.data_fetcher - ERROR - 获取 AMAT 数据失败: Too Many Requests. Rate limited. Try after a while.
2025-11-29 12:13:46,864 - src.data_fetcher - ERROR - 获取 ARM 数据失败: Too Many Requests. Rate limited. Try after a while.
2025-11-29 12:13:46,868 - src.data_fetcher - ERROR - 获取 APP 数据失败: Too Many Requests. Rate limited. Try after a while.
2025-11-29 12:13:46,876 - src.data_fetcher - ERROR - 获取 ASML 数据失败: Too Many Requests. Rate limited. Try after a while.
2025-11-29 12:13:47,941 - src.data_fetcher - ERROR - 获取 AZN 数据失败: Too Many Requests. Rate limited. Try after a while.
2025-11-29 12:13:47,945 - src.data_fetcher - ERROR - 获取 TEAM 数据失败: Too Many Requests. Rate limited. Try after a while.
2025-11-29 12:13:47,950 - src.data_fetcher - ERROR - 获取 ADSK 数据失败: Too Many Requests. Rate limited. Try after a while.
2025-11-29 12:13:48,954 - src.data_fetcher - ERROR - 获取 ADP 数据失败: Too Many Requests. Rate limited. Try after a while.
2025-11-29 12:13:49,223 - src.data_fetcher - ERROR - 获取 AXON 数据失败: Too Many Requests. Rate limited. Try after a while.
2025-11-29 12:13:49,590 - src.data_fetcher - ERROR - 获取 BKR 数据失败: Too Many Requests. Rate limited. Try after a while.
2025-11-29 12:13:49,965 - src.data_fetcher - ERROR - 获取 BIIB 数据失败: Too Many Requests. Rate limited. Try after a while.
2025-11-29 12:13:49,970 - src.data_fetcher - ERROR - 获取 BKNG 数据失败: Too Many Requests. Rate limited. Try after a while.
2025-11-29 12:13:50,664 - src.data_fetcher - ERROR - 获取 CDNS 数据失败: Too Many Requests. Rate limited. Try after a while.
2025-11-29 12:13:50,675 - src.data_fetcher - ERROR - 获取 AVGO 数据失败: Too Many Requests. Rate limited. Try after a while.
2025-11-29 12:13:51,001 - src.data_fetcher - ERROR - 获取 CDW 数据失败: Too Many Requests. Rate limited. Try after a while.
2025-11-29 12:13:51,724 - src.data_fetcher - ERROR - 获取 CHTR 数据失败: Too Many Requests. Rate limited. Try after a while.
2025-11-29 12:13:51,737 - src.data_fetcher - ERROR - 获取 CTAS 数据失败: Too Many Requests. Rate limited. Try after a while.
2025-11-29 12:13:52,411 - src.data_fetcher - ERROR - 获取 CSCO 数据失败: Too Many Requests. Rate limited. Try after a while.
2025-11-29 12:13:55,956 - src.data_fetcher - ERROR - 获取 CTSH 数据失败: Too Many Requests. Rate limited. Try after a while.
2025-11-29 12:13:57,497 - src.data_fetcher - ERROR - 获取 CCEP 数据失败: Too Many Requests. Rate limited. Try after a while.
2025-11-29 12:13:57,498 - src.data_fetcher - ERROR - 获取 CMCSA 数据失败: Too Many Requests. Rate limited. Try after a while.
2025-11-29 12:13:58,192 - src.data_fetcher - ERROR - 获取 CPRT 数据失败: Too Many Requests. Rate limited. Try after a while.
2025-11-29 12:13:58,196 - src.data_fetcher - ERROR - 获取 CSGP 数据失败: Too Many Requests. Rate limited. Try after a while.
2025-11-29 12:13:58,197 - src.data_fetcher - ERROR - 获取 CEG 数据失败: Too Many Requests. Rate limited. Try after a while.
2025-11-29 12:14:00,227 - src.data_fetcher - ERROR - 获取 COST 数据失败: Too Many Requests. Rate limited. Try after a while.
2025-11-29 12:14:00,232 - src.data_fetcher - ERROR - 获取 CRWD 数据失败: Too Many Requests. Rate limited. Try after a while.
2025-11-29 12:14:00,252 - src.data_fetcher - ERROR - 获取 CSX 数据失败: Too Many Requests. Rate limited. Try after a while.
2025-11-29 12:14:02,402 - src.data_fetcher - ERROR - 获取 DDOG 数据失败: Too Many Requests. Rate limited. Try after a while.
2025-11-29 12:14:02,427 - src.data_fetcher - ERROR - 获取 DXCM 数据失败: Too Many Requests. Rate limited. Try after a while.
2025-11-29 12:14:02,449 - src.data_fetcher - ERROR - 获取 FANG 数据失败: Too Many Requests. Rate limited. Try after a while.
2025-11-29 12:14:03,412 - src.data_fetcher - ERROR - 获取 DASH 数据失败: Too Many Requests. Rate limited. Try after a while.
2025-11-29 12:14:03,415 - src.data_fetcher - ERROR - 获取 EA 数据失败: Too Many Requests. Rate limited. Try after a while.
2025-11-29 12:14:03,424 - src.data_fetcher - ERROR - 获取 EXC 数据失败: Too Many Requests. Rate limited. Try after a while.
2025-11-29 12:14:04,440 - src.data_fetcher - ERROR - 获取 FAST 数据失败: Too Many Requests. Rate limited. Try after a while.
2025-11-29 12:14:04,446 - src.data_fetcher - ERROR - 获取 FTNT 数据失败: Too Many Requests. Rate limited. Try after a while.
2025-11-29 12:14:04,456 - src.data_fetcher - ERROR - 获取 GEHC 数据失败: Too Many Requests. Rate limited. Try after a while.
2025-11-29 12:14:05,451 - src.data_fetcher - ERROR - 获取 GILD 数据失败: Too Many Requests. Rate limited. Try after a while.
2025-11-29 12:14:05,455 - src.data_fetcher - ERROR - 获取 GFS 数据失败: Too Many Requests. Rate limited. Try after a while.
2025-11-29 12:14:05,752 - src.data_fetcher - ERROR - 获取 HON 数据失败: Too Many Requests. Rate limited. Try after a while.
2025-11-29 12:14:07,847 - src.data_fetcher - ERROR - 获取 IDXX 数据失败: Too Many Requests. Rate limited. Try after a while.
2025-11-29 12:14:07,863 - src.data_fetcher - ERROR - 获取 INTU 数据失败: Too Many Requests. Rate limited. Try after a while.
2025-11-29 12:14:08,404 - src.data_fetcher - ERROR - 获取 INTC 数据失败: Too Many Requests. Rate limited. Try after a while.
2025-11-29 12:14:08,859 - src.data_fetcher - ERROR - 获取 ISRG 数据失败: Too Many Requests. Rate limited. Try after a while.
2025-11-29 12:14:08,880 - src.data_fetcher - ERROR - 获取 KDP 数据失败: Too Many Requests. Rate limited. Try after a while.
2025-11-29 12:14:09,561 - src.data_fetcher - ERROR - 获取 KLAC 数据失败: Too Many Requests. Rate limited. Try after a while.
2025-11-29 12:14:09,889 - src.data_fetcher - ERROR - 获取 KHC 数据失败: Too Many Requests. Rate limited. Try after a while.
2025-11-29 12:14:10,710 - src.data_fetcher - ERROR - 获取 LRCX 数据失败: Too Many Requests. Rate limited. Try after a while.
2025-11-29 12:14:10,792 - src.data_fetcher - ERROR - 获取 LIN 数据失败: Too Many Requests. Rate limited. Try after a while.
2025-11-29 12:14:11,381 - src.data_fetcher - ERROR - 获取 LULU 数据失败: Too Many Requests. Rate limited. Try after a while.
2025-11-29 12:14:12,399 - src.data_fetcher - ERROR - 获取 MELI 数据失败: Too Many Requests. Rate limited. Try after a while.
2025-11-29 12:14:12,416 - src.data_fetcher - ERROR - 获取 MAR 数据失败: Too Many Requests. Rate limited. Try after a while.
2025-11-29 12:14:12,948 - src.data_fetcher - ERROR - 获取 MRVL 数据失败: Too Many Requests. Rate limited. Try after a while.
2025-11-29 12:14:13,427 - src.data_fetcher - ERROR - 获取 META 数据失败: Too Many Requests. Rate limited. Try after a while.
2025-11-29 12:14:13,446 - src.data_fetcher - ERROR - 获取 MCHP 数据失败: Too Many Requests. Rate limited. Try after a while.
2025-11-29 12:14:14,458 - src.data_fetcher - ERROR - 获取 MSFT 数据失败: Too Many Requests. Rate limited. Try after a while.
2025-11-29 12:14:14,465 - src.data_fetcher - ERROR - 获取 MU 数据失败: Too Many Requests. Rate limited. Try after a while.
2025-11-29 12:14:15,165 - src.data_fetcher - ERROR - 获取 MDLZ 数据失败: Too Many Requests. Rate limited. Try after a while.
2025-11-29 12:14:15,170 - src.data_fetcher - ERROR - 获取 MNST 数据失败: Too Many Requests. Rate limited. Try after a while.
2025-11-29 12:14:15,768 - src.data_fetcher - ERROR - 获取 MSTR 数据失败: Too Many Requests. Rate limited. Try after a while.
2025-11-29 12:14:16,175 - src.data_fetcher - ERROR - 获取 NFLX 数据失败: Too Many Requests. Rate limited. Try after a while.
2025-11-29 12:14:16,515 - src.data_fetcher - ERROR - 获取 NVDA 数据失败: Too Many Requests. Rate limited. Try after a while.
2025-11-29 12:14:16,884 - src.data_fetcher - ERROR - 获取 ORLY 数据失败: Too Many Requests. Rate limited. Try after a while.
2025-11-29 12:14:16,893 - src.data_fetcher - ERROR - 获取 NXPI 数据失败: Too Many Requests. Rate limited. Try after a while.
2025-11-29 12:14:18,541 - src.data_fetcher - ERROR - 获取 ODFL 数据失败: Too Many Requests. Rate limited. Try after a while.
2025-11-29 12:14:19,239 - src.data_fetcher - ERROR - 获取 ON 数据失败: Too Many Requests. Rate limited. Try after a while.
2025-11-29 12:14:19,243 - src.data_fetcher - ERROR - 获取 PLTR 数据失败: Too Many Requests. Rate limited. Try after a while.
2025-11-29 12:14:19,244 - src.data_fetcher - ERROR - 获取 PCAR 数据失败: Too Many Requests. Rate limited. Try after a while.
2025-11-29 12:14:20,247 - src.data_fetcher - ERROR - 获取 PANW 数据失败: Too Many Requests. Rate limited. Try after a while.
2025-11-29 12:14:20,250 - src.data_fetcher - ERROR - 获取 PAYX 数据失败: Too Many Requests. Rate limited. Try after a while.
2025-11-29 12:14:20,287 - src.data_fetcher - ERROR - 获取 PYPL 数据失败: Too Many Requests. Rate limited. Try after a while.
2025-11-29 12:14:21,268 - src.data_fetcher - ERROR - 获取 PDD 数据失败: Too Many Requests. Rate limited. Try after a while.
2025-11-29 12:14:21,273 - src.data_fetcher - ERROR - 获取 PEP 数据失败: Too Many Requests. Rate limited. Try after a while.
2025-11-29 12:14:21,282 - src.data_fetcher - ERROR - 获取 QCOM 数据失败: Too Many Requests. Rate limited. Try after a while.
2025-11-29 12:14:22,278 - src.data_fetcher - ERROR - 获取 REGN 数据失败: Too Many Requests. Rate limited. Try after a while.
2025-11-29 12:14:22,284 - src.data_fetcher - ERROR - 获取 ROP 数据失败: Too Many Requests. Rate limited. Try after a while.
2025-11-29 12:14:22,295 - src.data_fetcher - ERROR - 获取 ROST 数据失败: Too Many Requests. Rate limited. Try after a while.
2025-11-29 12:14:23,293 - src.data_fetcher - ERROR - 获取 SHOP 数据失败: Too Many Requests. Rate limited. Try after a while.
2025-11-29 12:14:23,298 - src.data_fetcher - ERROR - 获取 SOLS 数据失败: Too Many Requests. Rate limited. Try after a while.
2025-11-29 12:14:23,314 - src.data_fetcher - ERROR - 获取 SBUX 数据失败: Too Many Requests. Rate limited. Try after a while.
2025-11-29 12:14:24,308 - src.data_fetcher - ERROR - 获取 TMUS 数据失败: Too Many Requests. Rate limited. Try after a while.
2025-11-29 12:14:24,309 - src.data_fetcher - ERROR - 获取 SNPS 数据失败: Too Many Requests. Rate limited. Try after a while.
2025-11-29 12:14:24,320 - src.data_fetcher - ERROR - 获取 TTWO 数据失败: Too Many Requests. Rate limited. Try after a while.
2025-11-29 12:14:25,414 - src.data_fetcher - ERROR - 获取 TXN 数据失败: Too Many Requests. Rate limited. Try after a while.
2025-11-29 12:14:25,421 - src.data_fetcher - ERROR - 获取 TSLA 数据失败: Too Many Requests. Rate limited. Try after a while.
2025-11-29 12:14:25,425 - src.data_fetcher - ERROR - 获取 TRI 数据失败: Too Many Requests. Rate limited. Try after a while.
2025-11-29 12:14:26,423 - src.data_fetcher - ERROR - 获取 TTD 数据失败: Too Many Requests. Rate limited. Try after a while.
2025-11-29 12:14:26,432 - src.data_fetcher - ERROR - 获取 VRSK 数据失败: Too Many Requests. Rate limited. Try after a while.
2025-11-29 12:14:26,715 - src.data_fetcher - ERROR - 获取 VRTX 数据失败: Too Many Requests. Rate limited. Try after a while.
2025-11-29 12:14:27,444 - src.data_fetcher - ERROR - 获取 WBD 数据失败: Too Many Requests. Rate limited. Try after a while.
2025-11-29 12:14:27,449 - src.data_fetcher - ERROR - 获取 WDAY 数据失败: Too Many Requests. Rate limited. Try after a while.
2025-11-29 12:14:27,457 - src.data_fetcher - ERROR - 获取 XEL 数据失败: Too Many Requests. Rate limited. Try after a while.
2025-11-29 12:14:29,780 - src.data_fetcher - ERROR - 获取 ZS 数据失败: Too Many Requests. Rate limited. Try after a while.
2025-11-29 12:15:03,507 - src.data_fetcher - INFO - 数据获取完成: 成功 0, 失败 102
2025-11-29 12:15:03,507 - src.data_fetcher - WARNING - 失败的股票: ABNB, AMD, ADBE, GOOG, GOOGL, AEP, AMGN, AMZN, AAPL, ADI ... (还有 92 只)
2025-11-29 12:15:03,507 - src.data_storage - INFO - 开始保存 0 只股票的 weekly 数据
2025-11-29 12:15:03,507 - src.data_storage - INFO - 成功保存 0 只股票的数据
2025-11-29 12:15:03,508 - __main__ - INFO - 更新 monthly 数据...
2025-11-29 12:15:03,508 - src.data_fetcher - INFO - 开始获取 102 只股票的 monthly 数据
2025-11-29 12:15:06,641 - src.data_fetcher - ERROR - 获取 ADBE 数据失败: Too Many Requests. Rate limited. Try after a while.
2025-11-29 12:15:06,904 - src.data_fetcher - ERROR - 获取 AMD 数据失败: Too Many Requests. Rate limited. Try after a while.
2025-11-29 12:15:06,922 - src.data_fetcher - ERROR - 获取 ABNB 数据失败: Too Many Requests. Rate limited. Try after a while.
2025-11-29 12:15:08,006 - src.data_fetcher - ERROR - 获取 GOOGL 数据失败: Too Many Requests. Rate limited. Try after a while.
2025-11-29 12:15:08,010 - src.data_fetcher - ERROR - 获取 AMZN 数据失败: Too Many Requests. Rate limited. Try after a while.
2025-11-29 12:15:08,019 - src.data_fetcher - ERROR - 获取 GOOG 数据失败: Too Many Requests. Rate limited. Try after a while.
2025-11-29 12:15:10,119 - src.data_fetcher - ERROR - 获取 AEP 数据失败: Too Many Requests. Rate limited. Try after a while.
2025-11-29 12:15:10,124 - src.data_fetcher - ERROR - 获取 AMGN 数据失败: Too Many Requests. Rate limited. Try after a while.
2025-11-29 12:15:11,618 - src.data_fetcher - ERROR - 获取 ADI 数据失败: Too Many Requests. Rate limited. Try after a while.
2025-11-29 12:15:12,080 - src.data_fetcher - ERROR - 获取 AAPL 数据失败: Too Many Requests. Rate limited. Try after a while.
2025-11-29 12:15:12,744 - src.data_fetcher - ERROR - 获取 AMAT 数据失败: Too Many Requests. Rate limited. Try after a while.
2025-11-29 12:15:13,496 - src.data_fetcher - ERROR - 获取 ARM 数据失败: Too Many Requests. Rate limited. Try after a while.
2025-11-29 12:15:13,510 - src.data_fetcher - ERROR - 获取 APP 数据失败: Too Many Requests. Rate limited. Try after a while.
2025-11-29 12:15:14,188 - src.data_fetcher - ERROR - 获取 ASML 数据失败: Too Many Requests. Rate limited. Try after a while.
2025-11-29 12:15:14,764 - src.data_fetcher - ERROR - 获取 AZN 数据失败: Too Many Requests. Rate limited. Try after a while.
2025-11-29 12:15:15,227 - src.data_fetcher - ERROR - 获取 ADSK 数据失败: Too Many Requests. Rate limited. Try after a while.
2025-11-29 12:15:15,231 - src.data_fetcher - ERROR - 获取 TEAM 数据失败: Too Many Requests. Rate limited. Try after a while.
2025-11-29 12:15:16,345 - src.data_fetcher - ERROR - 获取 ADP 数据失败: Too Many Requests. Rate limited. Try after a while.
2025-11-29 12:15:17,041 - src.data_fetcher - ERROR - 获取 BIIB 数据失败: Too Many Requests. Rate limited. Try after a while.
2025-11-29 12:15:17,043 - src.data_fetcher - ERROR - 获取 AXON 数据失败: Too Many Requests. Rate limited. Try after a while.
2025-11-29 12:15:17,052 - src.data_fetcher - ERROR - 获取 BKR 数据失败: Too Many Requests. Rate limited. Try after a while.
2025-11-29 12:15:18,815 - src.data_fetcher - ERROR - 获取 BKNG 数据失败: Too Many Requests. Rate limited. Try after a while.
2025-11-29 12:15:18,818 - src.data_fetcher - ERROR - 获取 AVGO 数据失败: Too Many Requests. Rate limited. Try after a while.
2025-11-29 12:15:18,828 - src.data_fetcher - ERROR - 获取 CDNS 数据失败: Too Many Requests. Rate limited. Try after a while.
2025-11-29 12:15:19,843 - src.data_fetcher - ERROR - 获取 CDW 数据失败: Too Many Requests. Rate limited. Try after a while.
2025-11-29 12:15:19,849 - src.data_fetcher - ERROR - 获取 CHTR 数据失败: Too Many Requests. Rate limited. Try after a while.
2025-11-29 12:15:20,984 - src.data_fetcher - ERROR - 获取 CTAS 数据失败: Too Many Requests. Rate limited. Try after a while.
2025-11-29 12:15:21,188 - src.data_fetcher - ERROR - 获取 CSCO 数据失败: Too Many Requests. Rate limited. Try after a while.
2025-11-29 12:15:21,191 - src.data_fetcher - ERROR - 获取 CCEP 数据失败: Too Many Requests. Rate limited. Try after a while.
2025-11-29 12:15:23,277 - src.data_fetcher - ERROR - 获取 CMCSA 数据失败: Too Many Requests. Rate limited. Try after a while.
2025-11-29 12:15:23,283 - src.data_fetcher - ERROR - 获取 CEG 数据失败: Too Many Requests. Rate limited. Try after a while.
2025-11-29 12:15:23,287 - src.data_fetcher - ERROR - 获取 CTSH 数据失败: Too Many Requests. Rate limited. Try after a while.
2025-11-29 12:15:24,305 - src.data_fetcher - ERROR - 获取 CPRT 数据失败: Too Many Requests. Rate limited. Try after a while.
2025-11-29 12:15:24,307 - src.data_fetcher - ERROR - 获取 CSGP 数据失败: Too Many Requests. Rate limited. Try after a while.
2025-11-29 12:15:24,897 - src.data_fetcher - ERROR - 获取 COST 数据失败: Too Many Requests. Rate limited. Try after a while.
2025-11-29 12:15:25,703 - src.data_fetcher - ERROR - 获取 CSX 数据失败: Too Many Requests. Rate limited. Try after a while.
2025-11-29 12:15:26,266 - src.data_fetcher - ERROR - 获取 CRWD 数据失败: Too Many Requests. Rate limited. Try after a while.
2025-11-29 12:15:27,344 - src.data_fetcher - ERROR - 获取 DXCM 数据失败: Too Many Requests. Rate limited. Try after a while.
2025-11-29 12:15:27,360 - src.data_fetcher - ERROR - 获取 DDOG 数据失败: Too Many Requests. Rate limited. Try after a while.
2025-11-29 12:15:28,037 - src.data_fetcher - ERROR - 获取 FANG 数据失败: Too Many Requests. Rate limited. Try after a while.
2025-11-29 12:15:28,770 - src.data_fetcher - ERROR - 获取 EXC 数据失败: Too Many Requests. Rate limited. Try after a while.
2025-11-29 12:15:28,771 - src.data_fetcher - ERROR - 获取 DASH 数据失败: Too Many Requests. Rate limited. Try after a while.
2025-11-29 12:15:29,181 - src.data_fetcher - ERROR - 获取 EA 数据失败: Too Many Requests. Rate limited. Try after a while.
2025-11-29 12:15:29,875 - src.data_fetcher - ERROR - 获取 FAST 数据失败: Too Many Requests. Rate limited. Try after a while.
2025-11-29 12:15:29,877 - src.data_fetcher - ERROR - 获取 FTNT 数据失败: Too Many Requests. Rate limited. Try after a while.
2025-11-29 12:15:30,910 - src.data_fetcher - ERROR - 获取 GEHC 数据失败: Too Many Requests. Rate limited. Try after a while.
2025-11-29 12:15:31,448 - src.data_fetcher - ERROR - 获取 GILD 数据失败: Too Many Requests. Rate limited. Try after a while.
2025-11-29 12:15:31,643 - src.data_fetcher - ERROR - 获取 GFS 数据失败: Too Many Requests. Rate limited. Try after a while.
2025-11-29 12:15:32,660 - src.data_fetcher - ERROR - 获取 IDXX 数据失败: Too Many Requests. Rate limited. Try after a while.
2025-11-29 12:15:32,666 - src.data_fetcher - ERROR - 获取 INTC 数据失败: Too Many Requests. Rate limited. Try after a while.
2025-11-29 12:15:33,591 - src.data_fetcher - ERROR - 获取 HON 数据失败: Too Many Requests. Rate limited. Try after a while.
2025-11-29 12:15:33,690 - src.data_fetcher - ERROR - 获取 INTU 数据失败: Too Many Requests. Rate limited. Try after a while.
2025-11-29 12:15:33,950 - src.data_fetcher - ERROR - 获取 ISRG 数据失败: Too Many Requests. Rate limited. Try after a while.
2025-11-29 12:15:35,118 - src.data_fetcher - ERROR - 获取 KDP 数据失败: Too Many Requests. Rate limited. Try after a while.
2025-11-29 12:15:35,119 - src.data_fetcher - ERROR - 获取 KLAC 数据失败: Too Many Requests. Rate limited. Try after a while.
2025-11-29 12:15:35,122 - src.data_fetcher - ERROR - 获取 KHC 数据失败: Too Many Requests. Rate limited. Try after a while.
2025-11-29 12:15:36,232 - src.data_fetcher - ERROR - 获取 LULU 数据失败: Too Many Requests. Rate limited. Try after a while.
2025-11-29 12:15:36,397 - src.data_fetcher - ERROR - 获取 LIN 数据失败: Too Many Requests. Rate limited. Try after a while.
2025-11-29 12:15:36,794 - src.data_fetcher - ERROR - 获取 LRCX 数据失败: Too Many Requests. Rate limited. Try after a while.
2025-11-29 12:15:37,597 - src.data_fetcher - ERROR - 获取 MRVL 数据失败: Too Many Requests. Rate limited. Try after a while.
2025-11-29 12:15:37,933 - src.data_fetcher - ERROR - 获取 MAR 数据失败: Too Many Requests. Rate limited. Try after a while.
2025-11-29 12:15:38,674 - src.data_fetcher - ERROR - 获取 MELI 数据失败: Too Many Requests. Rate limited. Try after a while.
2025-11-29 12:15:38,674 - src.data_fetcher - ERROR - 获取 META 数据失败: Too Many Requests. Rate limited. Try after a while.
2025-11-29 12:15:39,020 - src.data_fetcher - ERROR - 获取 MCHP 数据失败: Too Many Requests. Rate limited. Try after a while.
2025-11-29 12:15:40,066 - src.data_fetcher - ERROR - 获取 MSFT 数据失败: Too Many Requests. Rate limited. Try after a while.
2025-11-29 12:15:40,074 - src.data_fetcher - ERROR - 获取 MU 数据失败: Too Many Requests. Rate limited. Try after a while.
2025-11-29 12:15:40,768 - src.data_fetcher - ERROR - 获取 MDLZ 数据失败: Too Many Requests. Rate limited. Try after a while.
2025-11-29 12:15:40,775 - src.data_fetcher - ERROR - 获取 MSTR 数据失败: Too Many Requests. Rate limited. Try after a while.
2025-11-29 12:15:41,806 - src.data_fetcher - ERROR - 获取 NFLX 数据失败: Too Many Requests. Rate limited. Try after a while.
2025-11-29 12:15:41,813 - src.data_fetcher - ERROR - 获取 MNST 数据失败: Too Many Requests. Rate limited. Try after a while.
2025-11-29 12:15:42,947 - src.data_fetcher - ERROR - 获取 NVDA 数据失败: Too Many Requests. Rate limited. Try after a while.
2025-11-29 12:15:43,480 - src.data_fetcher - ERROR - 获取 NXPI 数据失败: Too Many Requests. Rate limited. Try after a while.
2025-11-29 12:15:43,641 - src.data_fetcher - ERROR - 获取 ORLY 数据失败: Too Many Requests. Rate limited. Try after a while.
2025-11-29 12:15:44,514 - src.data_fetcher - ERROR - 获取 PCAR 数据失败: Too Many Requests. Rate limited. Try after a while.
2025-11-29 12:15:44,518 - src.data_fetcher - ERROR - 获取 ON 数据失败: Too Many Requests. Rate limited. Try after a while.
2025-11-29 12:15:44,574 - src.data_fetcher - ERROR - 获取 ODFL 数据失败: Too Many Requests. Rate limited. Try after a while.
2025-11-29 12:15:45,876 - src.data_fetcher - ERROR - 获取 PANW 数据失败: Too Many Requests. Rate limited. Try after a while.
2025-11-29 12:15:45,878 - src.data_fetcher - ERROR - 获取 PAYX 数据失败: Too Many Requests. Rate limited. Try after a while.
2025-11-29 12:15:45,878 - src.data_fetcher - ERROR - 获取 PLTR 数据失败: Too Many Requests. Rate limited. Try after a while.
2025-11-29 12:15:46,905 - src.data_fetcher - ERROR - 获取 PYPL 数据失败: Too Many Requests. Rate limited. Try after a while.
2025-11-29 12:15:46,906 - src.data_fetcher - ERROR - 获取 PDD 数据失败: Too Many Requests. Rate limited. Try after a while.
2025-11-29 12:15:47,128 - src.data_fetcher - ERROR - 获取 PEP 数据失败: Too Many Requests. Rate limited. Try after a while.
2025-11-29 12:15:48,259 - src.data_fetcher - ERROR - 获取 QCOM 数据失败: Too Many Requests. Rate limited. Try after a while.
2025-11-29 12:15:48,260 - src.data_fetcher - ERROR - 获取 REGN 数据失败: Too Many Requests. Rate limited. Try after a while.
2025-11-29 12:15:48,269 - src.data_fetcher - ERROR - 获取 ROP 数据失败: Too Many Requests. Rate limited. Try after a while.
2025-11-29 12:15:49,295 - src.data_fetcher - ERROR - 获取 ROST 数据失败: Too Many Requests. Rate limited. Try after a while.
2025-11-29 12:15:49,547 - src.data_fetcher - ERROR - 获取 SOLS 数据失败: Too Many Requests. Rate limited. Try after a while.
2025-11-29 12:15:49,865 - src.data_fetcher - ERROR - 获取 SHOP 数据失败: Too Many Requests. Rate limited. Try after a while.
2025-11-29 12:15:50,652 - src.data_fetcher - ERROR - 获取 SNPS 数据失败: Too Many Requests. Rate limited. Try after a while.
